[debug] [2021-09-19T23:34:54.671Z] ----------------------------------------------------------------------
[debug] [2021-09-19T23:34:54.674Z] Command:       /Users/boamatule/.nvm/versions/node/v14.15.1/bin/node /Users/boamatule/.nvm/versions/node/v14.15.1/bin/firebase emulators:start --only functions
[debug] [2021-09-19T23:34:54.674Z] CLI Version:   9.18.0
[debug] [2021-09-19T23:34:54.674Z] Platform:      darwin
[debug] [2021-09-19T23:34:54.674Z] Node Version:  v14.15.1
[debug] [2021-09-19T23:34:54.676Z] Time:          Mon Sep 20 2021 01:34:54 GMT+0200 (Central European Summer Time)
[debug] [2021-09-19T23:34:54.676Z] ----------------------------------------------------------------------
[debug] 
[debug] [2021-09-19T23:34:54.757Z] > command requires scopes: ["email","openid","https://www.googleapis.com/auth/cloudplatformprojects.readonly","https://www.googleapis.com/auth/firebase","https://www.googleapis.com/auth/cloud-platform"]
[debug] [2021-09-19T23:34:54.757Z] > authorizing via signed-in user (boa.matule@gmail.com)
[info] i  emulators: Starting emulators: functions {"metadata":{"emulator":{"name":"hub"},"message":"Starting emulators: functions"}}
[debug] [2021-09-19T23:34:54.820Z] [hub] writing locator at /var/folders/yk/rb8sfzn95yb8_v708p2rxr5r0000gn/T/hub-mealstogo-c6d2e.json
[warn] ⚠  functions: The following emulators are not running, calls to these services from the Functions emulator will affect production: auth, firestore, database, hosting, pubsub, storage {"metadata":{"emulator":{"name":"functions"},"message":"The following emulators are not running, calls to these services from the Functions emulator will affect production: \u001b[1mauth, firestore, database, hosting, pubsub, storage\u001b[22m"}}
[info] ✔  functions: Using node@14 from host. {"metadata":{"emulator":{"name":"functions"},"message":"Using node@14 from host."}}
[warn] ⚠  functions: Your GOOGLE_APPLICATION_CREDENTIALS environment variable points to /Users/boamatule/.firebase/restaurant-reservations-d517e-a889ef749b51.json. Non-emulated services will access production using these credentials. Be careful! {"metadata":{"emulator":{"name":"functions"},"message":"Your GOOGLE_APPLICATION_CREDENTIALS environment variable points to /Users/boamatule/.firebase/restaurant-reservations-d517e-a889ef749b51.json. Non-emulated services will access production using these credentials. Be careful!"}}
[debug] [2021-09-19T23:34:54.885Z] > refreshing access token with scopes: []
[debug] [2021-09-19T23:34:54.886Z] >>> HTTP REQUEST POST https://www.googleapis.com/oauth2/v3/token  
 <request body omitted>
[debug] [2021-09-19T23:34:55.027Z] <<< HTTP RESPONSE 200 {"cache-control":"no-cache, no-store, max-age=0, must-revalidate","date":"Sun, 19 Sep 2021 23:34:55 GMT","expires":"Mon, 01 Jan 1990 00:00:00 GMT","pragma":"no-cache","content-type":"application/json; charset=utf-8","vary":"X-Origin, Referer, Origin,Accept-Encoding","server":"scaffolding on HTTPServer2","x-xss-protection":"0","x-frame-options":"SAMEORIGIN","x-content-type-options":"nosniff","alt-svc":"h3=\":443\"; ma=2592000,h3-29=\":443\"; ma=2592000,h3-T051=\":443\"; ma=2592000,h3-Q050=\":443\"; ma=2592000,h3-Q046=\":443\"; ma=2592000,h3-Q043=\":443\"; ma=2592000,quic=\":443\"; ma=2592000; v=\"46,43\"","accept-ranges":"none","transfer-encoding":"chunked"}
[debug] [2021-09-19T23:34:55.043Z] >>> [apiv2][query] GET https://firebase.googleapis.com/v1beta1/projects/mealstogo-c6d2e/adminSdkConfig [none]
[debug] [2021-09-19T23:34:55.726Z] <<< [apiv2][status] GET https://firebase.googleapis.com/v1beta1/projects/mealstogo-c6d2e/adminSdkConfig 200
[debug] [2021-09-19T23:34:55.726Z] <<< [apiv2][body] GET https://firebase.googleapis.com/v1beta1/projects/mealstogo-c6d2e/adminSdkConfig {"projectId":"mealstogo-c6d2e","storageBucket":"mealstogo-c6d2e.appspot.com","locationId":"europe-west"}
[debug] [2021-09-19T23:34:56.265Z] Ignoring unsupported arg: auto_download {"metadata":{"emulator":{"name":"ui"},"message":"Ignoring unsupported arg: auto_download"}}
[debug] [2021-09-19T23:34:56.265Z] Ignoring unsupported arg: port {"metadata":{"emulator":{"name":"ui"},"message":"Ignoring unsupported arg: port"}}
[debug] [2021-09-19T23:34:56.265Z] Starting Emulator UI with command {"binary":"node","args":["/Users/boamatule/.cache/firebase/emulators/ui-v1.6.3/server.bundle.js"],"optionalArgs":[],"joinArgs":false} {"metadata":{"emulator":{"name":"ui"},"message":"Starting Emulator UI with command {\"binary\":\"node\",\"args\":[\"/Users/boamatule/.cache/firebase/emulators/ui-v1.6.3/server.bundle.js\"],\"optionalArgs\":[],\"joinArgs\":false}"}}
[info] i  ui: Emulator UI logging to ui-debug.log {"metadata":{"emulator":{"name":"ui"},"message":"Emulator UI logging to \u001b[1mui-debug.log\u001b[22m"}}
[debug] [2021-09-19T23:34:56.424Z] Web / API server started at localhost:4000
 {"metadata":{"emulator":{"name":"ui"},"message":"Web / API server started at localhost:4000\n"}}
[info] i  functions: Watching "/Users/boamatule/Projects/MealsToGo/functions" for Cloud Functions... {"metadata":{"emulator":{"name":"functions"},"message":"Watching \"/Users/boamatule/Projects/MealsToGo/functions\" for Cloud Functions..."}}
[debug] [2021-09-19T23:34:56.546Z] [worker-pool] addWorker(~diagnostic~) {"metadata":{"emulator":{"name":"functions"},"message":"[worker-pool] addWorker(~diagnostic~)"}}
[debug] [2021-09-19T23:34:56.546Z] [worker-pool] Adding worker with key ~diagnostic~, total=1 {"metadata":{"emulator":{"name":"functions"},"message":"[worker-pool] Adding worker with key ~diagnostic~, total=1"}}
[debug] [2021-09-19T23:34:56.546Z] [worker-pool] submitWork(triggerId=) {"metadata":{"emulator":{"name":"functions"},"message":"[worker-pool] submitWork(triggerId=)"}}
[debug] [2021-09-19T23:34:56.547Z] [worker-~diagnostic~-9c6a81ac-0639-4ad7-bfcb-16e5428878e7]: Assigning socketPath: /var/folders/yk/rb8sfzn95yb8_v708p2rxr5r0000gn/T/fire_emu_20632.sock {"metadata":{"emulator":{"name":"functions"},"message":"[worker-~diagnostic~-9c6a81ac-0639-4ad7-bfcb-16e5428878e7]: Assigning socketPath: /var/folders/yk/rb8sfzn95yb8_v708p2rxr5r0000gn/T/fire_emu_20632.sock"}}
[debug] [2021-09-19T23:34:56.547Z] [worker-~diagnostic~-9c6a81ac-0639-4ad7-bfcb-16e5428878e7]: BUSY {"metadata":{"emulator":{"name":"functions"},"message":"[worker-~diagnostic~-9c6a81ac-0639-4ad7-bfcb-16e5428878e7]: BUSY"}}
[debug] [2021-09-19T23:34:57.026Z] [runtime-status] [20632] Functions runtime initialized. {"cwd":"/Users/boamatule/Projects/MealsToGo/functions","node_version":"14.15.1"} {"metadata":{"emulator":{"name":"functions"},"message":"[runtime-status] [20632] Functions runtime initialized. {\"cwd\":\"/Users/boamatule/Projects/MealsToGo/functions\",\"node_version\":\"14.15.1\"}"}}
[debug] [2021-09-19T23:34:57.029Z] [runtime-status] [20632] Disabled runtime features: undefined {"metadata":{"emulator":{"name":"functions"},"message":"[runtime-status] [20632] Disabled runtime features: undefined"}}
[debug] [2021-09-19T23:34:57.036Z] [runtime-status] [20632] Resolved module firebase-admin {"declared":true,"installed":true,"version":"9.11.1","resolution":"/Users/boamatule/Projects/MealsToGo/functions/node_modules/firebase-admin/lib/index.js"} {"metadata":{"emulator":{"name":"functions"},"message":"[runtime-status] [20632] Resolved module firebase-admin {\"declared\":true,\"installed\":true,\"version\":\"9.11.1\",\"resolution\":\"/Users/boamatule/Projects/MealsToGo/functions/node_modules/firebase-admin/lib/index.js\"}"}}
[debug] [2021-09-19T23:34:57.041Z] [runtime-status] [20632] Resolved module firebase-functions {"declared":true,"installed":true,"version":"3.15.6","resolution":"/Users/boamatule/Projects/MealsToGo/functions/node_modules/firebase-functions/lib/index.js"} {"metadata":{"emulator":{"name":"functions"},"message":"[runtime-status] [20632] Resolved module firebase-functions {\"declared\":true,\"installed\":true,\"version\":\"3.15.6\",\"resolution\":\"/Users/boamatule/Projects/MealsToGo/functions/node_modules/firebase-functions/lib/index.js\"}"}}
[debug] [2021-09-19T23:34:57.044Z] [runtime-status] [20632] Found local functions config: /Users/boamatule/Projects/MealsToGo/functions/.runtimeconfig.json {"metadata":{"emulator":{"name":"functions"},"message":"[runtime-status] [20632] Found local functions config: /Users/boamatule/Projects/MealsToGo/functions/.runtimeconfig.json"}}
[debug] [2021-09-19T23:34:57.045Z] [runtime-status] [20632] Resolved module firebase-functions {"declared":true,"installed":true,"version":"3.15.6","resolution":"/Users/boamatule/Projects/MealsToGo/functions/node_modules/firebase-functions/lib/index.js"} {"metadata":{"emulator":{"name":"functions"},"message":"[runtime-status] [20632] Resolved module firebase-functions {\"declared\":true,\"installed\":true,\"version\":\"3.15.6\",\"resolution\":\"/Users/boamatule/Projects/MealsToGo/functions/node_modules/firebase-functions/lib/index.js\"}"}}
[debug] [2021-09-19T23:34:57.050Z] [runtime-status] [20632] Outgoing network have been stubbed. [{"name":"http","status":"mocked"},{"name":"http","status":"mocked"},{"name":"https","status":"mocked"},{"name":"https","status":"mocked"},{"name":"net","status":"mocked"}] {"metadata":{"emulator":{"name":"functions"},"message":"[runtime-status] [20632] Outgoing network have been stubbed. [{\"name\":\"http\",\"status\":\"mocked\"},{\"name\":\"http\",\"status\":\"mocked\"},{\"name\":\"https\",\"status\":\"mocked\"},{\"name\":\"https\",\"status\":\"mocked\"},{\"name\":\"net\",\"status\":\"mocked\"}]"}}
[debug] [2021-09-19T23:34:57.053Z] [runtime-status] [20632] Resolved module firebase-functions {"declared":true,"installed":true,"version":"3.15.6","resolution":"/Users/boamatule/Projects/MealsToGo/functions/node_modules/firebase-functions/lib/index.js"} {"metadata":{"emulator":{"name":"functions"},"message":"[runtime-status] [20632] Resolved module firebase-functions {\"declared\":true,\"installed\":true,\"version\":\"3.15.6\",\"resolution\":\"/Users/boamatule/Projects/MealsToGo/functions/node_modules/firebase-functions/lib/index.js\"}"}}
[debug] [2021-09-19T23:34:57.126Z] [runtime-status] [20632] Checked functions.config() {"config":{"google":{"key":"AIzaSyC3ffMG5HvNd3MH1rOHv0KeqeqOzAyGnwU"}}} {"metadata":{"emulator":{"name":"functions"},"message":"[runtime-status] [20632] Checked functions.config() {\"config\":{\"google\":{\"key\":\"AIzaSyC3ffMG5HvNd3MH1rOHv0KeqeqOzAyGnwU\"}}}"}}
[debug] [2021-09-19T23:34:57.127Z] [runtime-status] [20632] firebase-functions has been stubbed. {"functionsResolution":{"declared":true,"installed":true,"version":"3.15.6","resolution":"/Users/boamatule/Projects/MealsToGo/functions/node_modules/firebase-functions/lib/index.js"}} {"metadata":{"emulator":{"name":"functions"},"message":"[runtime-status] [20632] firebase-functions has been stubbed. {\"functionsResolution\":{\"declared\":true,\"installed\":true,\"version\":\"3.15.6\",\"resolution\":\"/Users/boamatule/Projects/MealsToGo/functions/node_modules/firebase-functions/lib/index.js\"}}"}}
[debug] [2021-09-19T23:34:57.128Z] [runtime-status] [20632] Resolved module firebase-functions {"declared":true,"installed":true,"version":"3.15.6","resolution":"/Users/boamatule/Projects/MealsToGo/functions/node_modules/firebase-functions/lib/index.js"} {"metadata":{"emulator":{"name":"functions"},"message":"[runtime-status] [20632] Resolved module firebase-functions {\"declared\":true,\"installed\":true,\"version\":\"3.15.6\",\"resolution\":\"/Users/boamatule/Projects/MealsToGo/functions/node_modules/firebase-functions/lib/index.js\"}"}}
[debug] [2021-09-19T23:34:57.129Z] [runtime-status] [20632] Resolved module firebase-admin {"declared":true,"installed":true,"version":"9.11.1","resolution":"/Users/boamatule/Projects/MealsToGo/functions/node_modules/firebase-admin/lib/index.js"} {"metadata":{"emulator":{"name":"functions"},"message":"[runtime-status] [20632] Resolved module firebase-admin {\"declared\":true,\"installed\":true,\"version\":\"9.11.1\",\"resolution\":\"/Users/boamatule/Projects/MealsToGo/functions/node_modules/firebase-admin/lib/index.js\"}"}}
[debug] [2021-09-19T23:34:57.130Z] [runtime-status] [20632] Resolved module firebase-functions {"declared":true,"installed":true,"version":"3.15.6","resolution":"/Users/boamatule/Projects/MealsToGo/functions/node_modules/firebase-functions/lib/index.js"} {"metadata":{"emulator":{"name":"functions"},"message":"[runtime-status] [20632] Resolved module firebase-functions {\"declared\":true,\"installed\":true,\"version\":\"3.15.6\",\"resolution\":\"/Users/boamatule/Projects/MealsToGo/functions/node_modules/firebase-functions/lib/index.js\"}"}}
[debug] [2021-09-19T23:34:57.130Z] [runtime-status] [20632] firebase-admin has been stubbed. {"adminResolution":{"declared":true,"installed":true,"version":"9.11.1","resolution":"/Users/boamatule/Projects/MealsToGo/functions/node_modules/firebase-admin/lib/index.js"}} {"metadata":{"emulator":{"name":"functions"},"message":"[runtime-status] [20632] firebase-admin has been stubbed. {\"adminResolution\":{\"declared\":true,\"installed\":true,\"version\":\"9.11.1\",\"resolution\":\"/Users/boamatule/Projects/MealsToGo/functions/node_modules/firebase-admin/lib/index.js\"}}"}}
[info] ✔  functions[us-central1-geocode]: http function initialized (http://localhost:5001/mealstogo-c6d2e/us-central1/geocode). {"metadata":{"emulator":{"name":"functions"},"message":"\u001b[1mhttp\u001b[22m function initialized (http://localhost:5001/mealstogo-c6d2e/us-central1/geocode)."}}
[info] ✔  functions[us-central1-placesNearby]: http function initialized (http://localhost:5001/mealstogo-c6d2e/us-central1/placesNearby). {"metadata":{"emulator":{"name":"functions"},"message":"\u001b[1mhttp\u001b[22m function initialized (http://localhost:5001/mealstogo-c6d2e/us-central1/placesNearby)."}}
[info] 
┌─────────────────────────────────────────────────────────────┐
│ ✔  All emulators ready! It is now safe to connect your app. │
│ i  View Emulator UI at http://localhost:4000                │
└─────────────────────────────────────────────────────────────┘

┌───────────┬────────────────┬─────────────────────────────────┐
│ Emulator  │ Host:Port      │ View in Emulator UI             │
├───────────┼────────────────┼─────────────────────────────────┤
│ Functions │ localhost:5001 │ http://localhost:4000/functions │
└───────────┴────────────────┴─────────────────────────────────┘
  Emulator Hub running at localhost:4400
  Other reserved ports: 4500

Issues? Report them at https://github.com/firebase/firebase-tools/issues and attach the *-debug.log files.
 
[debug] [2021-09-19T23:34:57.145Z] [worker-~diagnostic~-9c6a81ac-0639-4ad7-bfcb-16e5428878e7]: IDLE {"metadata":{"emulator":{"name":"functions"},"message":"[worker-~diagnostic~-9c6a81ac-0639-4ad7-bfcb-16e5428878e7]: IDLE"}}
[debug] [2021-09-19T23:38:20.741Z] [work-queue] {"queueLength":1,"workRunningCount":0}
[debug] [2021-09-19T23:38:20.742Z] [work-queue] {"queueLength":0,"workRunningCount":1}
[debug] [2021-09-19T23:38:20.743Z] Accepted request GET /mealstogo-c6d2e/us-central1/geocode?city=san%20francisco --> us-central1-geocode
[debug] [2021-09-19T23:38:20.755Z] [worker-pool] addWorker(us-central1-geocode) {"metadata":{"emulator":{"name":"functions"},"message":"[worker-pool] addWorker(us-central1-geocode)"}}
[debug] [2021-09-19T23:38:20.757Z] [worker-pool] Adding worker with key us-central1-geocode, total=1 {"metadata":{"emulator":{"name":"functions"},"message":"[worker-pool] Adding worker with key us-central1-geocode, total=1"}}
[debug] [2021-09-19T23:38:20.757Z] [worker-pool] submitWork(triggerId=us-central1-geocode) {"metadata":{"emulator":{"name":"functions"},"message":"[worker-pool] submitWork(triggerId=us-central1-geocode)"}}
[debug] [2021-09-19T23:38:20.758Z] [worker-us-central1-geocode-7c06eaeb-462b-4321-ae90-794428786453]: Assigning socketPath: /var/folders/yk/rb8sfzn95yb8_v708p2rxr5r0000gn/T/fire_emu_20916.sock {"metadata":{"emulator":{"name":"functions"},"message":"[worker-us-central1-geocode-7c06eaeb-462b-4321-ae90-794428786453]: Assigning socketPath: /var/folders/yk/rb8sfzn95yb8_v708p2rxr5r0000gn/T/fire_emu_20916.sock"}}
[debug] [2021-09-19T23:38:20.758Z] [worker-us-central1-geocode-7c06eaeb-462b-4321-ae90-794428786453]: BUSY {"metadata":{"emulator":{"name":"functions"},"message":"[worker-us-central1-geocode-7c06eaeb-462b-4321-ae90-794428786453]: BUSY"}}
[debug] [2021-09-19T23:38:21.742Z] [runtime-status] [20916] Functions runtime initialized. {"cwd":"/Users/boamatule/Projects/MealsToGo/functions","node_version":"14.15.1"} {"metadata":{"emulator":{"name":"functions"},"function":{"name":"us-central1-geocode"},"message":"[runtime-status] [20916] Functions runtime initialized. {\"cwd\":\"/Users/boamatule/Projects/MealsToGo/functions\",\"node_version\":\"14.15.1\"}"}}
[debug] [2021-09-19T23:38:21.754Z] [runtime-status] [20916] Disabled runtime features: undefined {"metadata":{"emulator":{"name":"functions"},"function":{"name":"us-central1-geocode"},"message":"[runtime-status] [20916] Disabled runtime features: undefined"}}
[debug] [2021-09-19T23:38:21.771Z] [runtime-status] [20916] Resolved module firebase-admin {"declared":true,"installed":true,"version":"9.11.1","resolution":"/Users/boamatule/Projects/MealsToGo/functions/node_modules/firebase-admin/lib/index.js"} {"metadata":{"emulator":{"name":"functions"},"function":{"name":"us-central1-geocode"},"message":"[runtime-status] [20916] Resolved module firebase-admin {\"declared\":true,\"installed\":true,\"version\":\"9.11.1\",\"resolution\":\"/Users/boamatule/Projects/MealsToGo/functions/node_modules/firebase-admin/lib/index.js\"}"}}
[debug] [2021-09-19T23:38:21.793Z] [runtime-status] [20916] Resolved module firebase-functions {"declared":true,"installed":true,"version":"3.15.6","resolution":"/Users/boamatule/Projects/MealsToGo/functions/node_modules/firebase-functions/lib/index.js"} {"metadata":{"emulator":{"name":"functions"},"function":{"name":"us-central1-geocode"},"message":"[runtime-status] [20916] Resolved module firebase-functions {\"declared\":true,\"installed\":true,\"version\":\"3.15.6\",\"resolution\":\"/Users/boamatule/Projects/MealsToGo/functions/node_modules/firebase-functions/lib/index.js\"}"}}
[debug] [2021-09-19T23:38:21.801Z] [runtime-status] [20916] Found local functions config: /Users/boamatule/Projects/MealsToGo/functions/.runtimeconfig.json {"metadata":{"emulator":{"name":"functions"},"function":{"name":"us-central1-geocode"},"message":"[runtime-status] [20916] Found local functions config: /Users/boamatule/Projects/MealsToGo/functions/.runtimeconfig.json"}}
[debug] [2021-09-19T23:38:21.810Z] [runtime-status] [20916] Resolved module firebase-functions {"declared":true,"installed":true,"version":"3.15.6","resolution":"/Users/boamatule/Projects/MealsToGo/functions/node_modules/firebase-functions/lib/index.js"} {"metadata":{"emulator":{"name":"functions"},"function":{"name":"us-central1-geocode"},"message":"[runtime-status] [20916] Resolved module firebase-functions {\"declared\":true,\"installed\":true,\"version\":\"3.15.6\",\"resolution\":\"/Users/boamatule/Projects/MealsToGo/functions/node_modules/firebase-functions/lib/index.js\"}"}}
[debug] [2021-09-19T23:38:21.813Z] [runtime-status] [20916] Outgoing network have been stubbed. [{"name":"http","status":"mocked"},{"name":"http","status":"mocked"},{"name":"https","status":"mocked"},{"name":"https","status":"mocked"},{"name":"net","status":"mocked"}] {"metadata":{"emulator":{"name":"functions"},"function":{"name":"us-central1-geocode"},"message":"[runtime-status] [20916] Outgoing network have been stubbed. [{\"name\":\"http\",\"status\":\"mocked\"},{\"name\":\"http\",\"status\":\"mocked\"},{\"name\":\"https\",\"status\":\"mocked\"},{\"name\":\"https\",\"status\":\"mocked\"},{\"name\":\"net\",\"status\":\"mocked\"}]"}}
[debug] [2021-09-19T23:38:21.828Z] [runtime-status] [20916] Resolved module firebase-functions {"declared":true,"installed":true,"version":"3.15.6","resolution":"/Users/boamatule/Projects/MealsToGo/functions/node_modules/firebase-functions/lib/index.js"} {"metadata":{"emulator":{"name":"functions"},"function":{"name":"us-central1-geocode"},"message":"[runtime-status] [20916] Resolved module firebase-functions {\"declared\":true,\"installed\":true,\"version\":\"3.15.6\",\"resolution\":\"/Users/boamatule/Projects/MealsToGo/functions/node_modules/firebase-functions/lib/index.js\"}"}}
[debug] [2021-09-19T23:38:21.896Z] [runtime-status] [20916] Checked functions.config() {"config":{"google":{"key":"AIzaSyC3ffMG5HvNd3MH1rOHv0KeqeqOzAyGnwU"}}} {"metadata":{"emulator":{"name":"functions"},"function":{"name":"us-central1-geocode"},"message":"[runtime-status] [20916] Checked functions.config() {\"config\":{\"google\":{\"key\":\"AIzaSyC3ffMG5HvNd3MH1rOHv0KeqeqOzAyGnwU\"}}}"}}
[debug] [2021-09-19T23:38:21.896Z] [runtime-status] [20916] firebase-functions has been stubbed. {"functionsResolution":{"declared":true,"installed":true,"version":"3.15.6","resolution":"/Users/boamatule/Projects/MealsToGo/functions/node_modules/firebase-functions/lib/index.js"}} {"metadata":{"emulator":{"name":"functions"},"function":{"name":"us-central1-geocode"},"message":"[runtime-status] [20916] firebase-functions has been stubbed. {\"functionsResolution\":{\"declared\":true,\"installed\":true,\"version\":\"3.15.6\",\"resolution\":\"/Users/boamatule/Projects/MealsToGo/functions/node_modules/firebase-functions/lib/index.js\"}}"}}
[debug] [2021-09-19T23:38:21.898Z] [runtime-status] [20916] Resolved module firebase-functions {"declared":true,"installed":true,"version":"3.15.6","resolution":"/Users/boamatule/Projects/MealsToGo/functions/node_modules/firebase-functions/lib/index.js"} {"metadata":{"emulator":{"name":"functions"},"function":{"name":"us-central1-geocode"},"message":"[runtime-status] [20916] Resolved module firebase-functions {\"declared\":true,\"installed\":true,\"version\":\"3.15.6\",\"resolution\":\"/Users/boamatule/Projects/MealsToGo/functions/node_modules/firebase-functions/lib/index.js\"}"}}
[debug] [2021-09-19T23:38:21.899Z] [runtime-status] [20916] Resolved module firebase-admin {"declared":true,"installed":true,"version":"9.11.1","resolution":"/Users/boamatule/Projects/MealsToGo/functions/node_modules/firebase-admin/lib/index.js"} {"metadata":{"emulator":{"name":"functions"},"function":{"name":"us-central1-geocode"},"message":"[runtime-status] [20916] Resolved module firebase-admin {\"declared\":true,\"installed\":true,\"version\":\"9.11.1\",\"resolution\":\"/Users/boamatule/Projects/MealsToGo/functions/node_modules/firebase-admin/lib/index.js\"}"}}
[debug] [2021-09-19T23:38:21.900Z] [runtime-status] [20916] Resolved module firebase-functions {"declared":true,"installed":true,"version":"3.15.6","resolution":"/Users/boamatule/Projects/MealsToGo/functions/node_modules/firebase-functions/lib/index.js"} {"metadata":{"emulator":{"name":"functions"},"function":{"name":"us-central1-geocode"},"message":"[runtime-status] [20916] Resolved module firebase-functions {\"declared\":true,\"installed\":true,\"version\":\"3.15.6\",\"resolution\":\"/Users/boamatule/Projects/MealsToGo/functions/node_modules/firebase-functions/lib/index.js\"}"}}
[debug] [2021-09-19T23:38:21.900Z] [runtime-status] [20916] firebase-admin has been stubbed. {"adminResolution":{"declared":true,"installed":true,"version":"9.11.1","resolution":"/Users/boamatule/Projects/MealsToGo/functions/node_modules/firebase-admin/lib/index.js"}} {"metadata":{"emulator":{"name":"functions"},"function":{"name":"us-central1-geocode"},"message":"[runtime-status] [20916] firebase-admin has been stubbed. {\"adminResolution\":{\"declared\":true,\"installed\":true,\"version\":\"9.11.1\",\"resolution\":\"/Users/boamatule/Projects/MealsToGo/functions/node_modules/firebase-admin/lib/index.js\"}}"}}
[debug] [2021-09-19T23:38:21.913Z] [runtime-status] [20916] Trigger "us-central1-geocode" has been found, beginning invocation! {"metadata":{"emulator":{"name":"functions"},"function":{"name":"us-central1-geocode"},"message":"[runtime-status] [20916] Trigger \"us-central1-geocode\" has been found, beginning invocation!"}}
[info] i  functions: Beginning execution of "us-central1-geocode" {"metadata":{"emulator":{"name":"functions"},"function":{"name":"us-central1-geocode"},"message":"Beginning execution of \"us-central1-geocode\""}}
[debug] [2021-09-19T23:38:21.928Z] [runtime-status] [20916] triggerDefinition {"httpsTrigger":{},"name":"geocode","entryPoint":"geocode","regions":["us-central1"],"region":"us-central1","id":"us-central1-geocode"} {"metadata":{"emulator":{"name":"functions"},"function":{"name":"us-central1-geocode"},"message":"[runtime-status] [20916] triggerDefinition {\"httpsTrigger\":{},\"name\":\"geocode\",\"entryPoint\":\"geocode\",\"regions\":[\"us-central1\"],\"region\":\"us-central1\",\"id\":\"us-central1-geocode\"}"}}
[debug] [2021-09-19T23:38:21.928Z] [runtime-status] [20916] Running us-central1-geocode in mode HTTPS {"metadata":{"emulator":{"name":"functions"},"function":{"name":"us-central1-geocode"},"message":"[runtime-status] [20916] Running us-central1-geocode in mode HTTPS"}}
[debug] [2021-09-19T23:38:21.934Z] [runtime-status] [20916] Attempting to listen to socketPath: /var/folders/yk/rb8sfzn95yb8_v708p2rxr5r0000gn/T/fire_emu_20916.sock {"metadata":{"emulator":{"name":"functions"},"function":{"name":"us-central1-geocode"},"message":"[runtime-status] [20916] Attempting to listen to socketPath: /var/folders/yk/rb8sfzn95yb8_v708p2rxr5r0000gn/T/fire_emu_20916.sock"}}
[debug] [2021-09-19T23:38:21.938Z] [functions] Runtime ready! Sending request! {"metadata":{"emulator":{"name":"functions"},"message":"[functions] Runtime ready! Sending request!"}}
[debug] [2021-09-19T23:38:21.939Z] [functions] Got req.url=/mealstogo-c6d2e/us-central1/geocode?city=san%20francisco, mapping to path=/?city=san%20francisco {"metadata":{"emulator":{"name":"functions"},"message":"[functions] Got req.url=/mealstogo-c6d2e/us-central1/geocode?city=san%20francisco, mapping to path=/?city=san%20francisco"}}
[debug] [2021-09-19T23:38:21.950Z] [runtime-status] [20916] Ephemeral server handling GET request {"metadata":{"emulator":{"name":"functions"},"function":{"name":"us-central1-geocode"},"message":"[runtime-status] [20916] Ephemeral server handling GET request"}}
[debug] [2021-09-19T23:38:21.966Z] [runtime-status] [20916] Ephemeral server survived. {"metadata":{"emulator":{"name":"functions"},"function":{"name":"us-central1-geocode"},"message":"[runtime-status] [20916] Ephemeral server survived."}}
[info] i  functions: Finished "us-central1-geocode" in ~1s {"metadata":{"emulator":{"name":"functions"},"function":{"name":"us-central1-geocode"},"message":"Finished \"us-central1-geocode\" in ~1s"}}
[debug] [2021-09-19T23:38:21.970Z] [worker-us-central1-geocode-7c06eaeb-462b-4321-ae90-794428786453]: IDLE {"metadata":{"emulator":{"name":"functions"},"message":"[worker-us-central1-geocode-7c06eaeb-462b-4321-ae90-794428786453]: IDLE"}}
[debug] [2021-09-19T23:38:21.971Z] [work-queue] {"queueLength":0,"workRunningCount":0}
[debug] [2021-09-19T23:38:22.021Z] [work-queue] {"queueLength":1,"workRunningCount":0}
[debug] [2021-09-19T23:38:22.022Z] [work-queue] {"queueLength":0,"workRunningCount":1}
[debug] [2021-09-19T23:38:22.022Z] Accepted request GET /mealstogo-c6d2e/us-central1/placesNearby?location=37.7749295,-122.4194155 --> us-central1-placesNearby
[debug] [2021-09-19T23:38:22.036Z] [worker-pool] addWorker(us-central1-placesNearby) {"metadata":{"emulator":{"name":"functions"},"message":"[worker-pool] addWorker(us-central1-placesNearby)"}}
[debug] [2021-09-19T23:38:22.038Z] [worker-pool] Adding worker with key us-central1-placesNearby, total=1 {"metadata":{"emulator":{"name":"functions"},"message":"[worker-pool] Adding worker with key us-central1-placesNearby, total=1"}}
[debug] [2021-09-19T23:38:22.038Z] [worker-pool] submitWork(triggerId=us-central1-placesNearby) {"metadata":{"emulator":{"name":"functions"},"message":"[worker-pool] submitWork(triggerId=us-central1-placesNearby)"}}
[debug] [2021-09-19T23:38:22.039Z] [worker-us-central1-placesNearby-335c77ed-a214-408c-ad46-a14cc803d0ed]: Assigning socketPath: /var/folders/yk/rb8sfzn95yb8_v708p2rxr5r0000gn/T/fire_emu_20918.sock {"metadata":{"emulator":{"name":"functions"},"message":"[worker-us-central1-placesNearby-335c77ed-a214-408c-ad46-a14cc803d0ed]: Assigning socketPath: /var/folders/yk/rb8sfzn95yb8_v708p2rxr5r0000gn/T/fire_emu_20918.sock"}}
[debug] [2021-09-19T23:38:22.039Z] [worker-us-central1-placesNearby-335c77ed-a214-408c-ad46-a14cc803d0ed]: BUSY {"metadata":{"emulator":{"name":"functions"},"message":"[worker-us-central1-placesNearby-335c77ed-a214-408c-ad46-a14cc803d0ed]: BUSY"}}
[debug] [2021-09-19T23:38:22.522Z] [runtime-status] [20918] Functions runtime initialized. {"cwd":"/Users/boamatule/Projects/MealsToGo/functions","node_version":"14.15.1"} {"metadata":{"emulator":{"name":"functions"},"function":{"name":"us-central1-placesNearby"},"message":"[runtime-status] [20918] Functions runtime initialized. {\"cwd\":\"/Users/boamatule/Projects/MealsToGo/functions\",\"node_version\":\"14.15.1\"}"}}
[debug] [2021-09-19T23:38:22.528Z] [runtime-status] [20918] Disabled runtime features: undefined {"metadata":{"emulator":{"name":"functions"},"function":{"name":"us-central1-placesNearby"},"message":"[runtime-status] [20918] Disabled runtime features: undefined"}}
[debug] [2021-09-19T23:38:22.535Z] [runtime-status] [20918] Resolved module firebase-admin {"declared":true,"installed":true,"version":"9.11.1","resolution":"/Users/boamatule/Projects/MealsToGo/functions/node_modules/firebase-admin/lib/index.js"} {"metadata":{"emulator":{"name":"functions"},"function":{"name":"us-central1-placesNearby"},"message":"[runtime-status] [20918] Resolved module firebase-admin {\"declared\":true,\"installed\":true,\"version\":\"9.11.1\",\"resolution\":\"/Users/boamatule/Projects/MealsToGo/functions/node_modules/firebase-admin/lib/index.js\"}"}}
[debug] [2021-09-19T23:38:22.536Z] [runtime-status] [20918] Resolved module firebase-functions {"declared":true,"installed":true,"version":"3.15.6","resolution":"/Users/boamatule/Projects/MealsToGo/functions/node_modules/firebase-functions/lib/index.js"} {"metadata":{"emulator":{"name":"functions"},"function":{"name":"us-central1-placesNearby"},"message":"[runtime-status] [20918] Resolved module firebase-functions {\"declared\":true,\"installed\":true,\"version\":\"3.15.6\",\"resolution\":\"/Users/boamatule/Projects/MealsToGo/functions/node_modules/firebase-functions/lib/index.js\"}"}}
[debug] [2021-09-19T23:38:22.538Z] [runtime-status] [20918] Found local functions config: /Users/boamatule/Projects/MealsToGo/functions/.runtimeconfig.json {"metadata":{"emulator":{"name":"functions"},"function":{"name":"us-central1-placesNearby"},"message":"[runtime-status] [20918] Found local functions config: /Users/boamatule/Projects/MealsToGo/functions/.runtimeconfig.json"}}
[debug] [2021-09-19T23:38:22.540Z] [runtime-status] [20918] Resolved module firebase-functions {"declared":true,"installed":true,"version":"3.15.6","resolution":"/Users/boamatule/Projects/MealsToGo/functions/node_modules/firebase-functions/lib/index.js"} {"metadata":{"emulator":{"name":"functions"},"function":{"name":"us-central1-placesNearby"},"message":"[runtime-status] [20918] Resolved module firebase-functions {\"declared\":true,\"installed\":true,\"version\":\"3.15.6\",\"resolution\":\"/Users/boamatule/Projects/MealsToGo/functions/node_modules/firebase-functions/lib/index.js\"}"}}
[debug] [2021-09-19T23:38:22.545Z] [runtime-status] [20918] Outgoing network have been stubbed. [{"name":"http","status":"mocked"},{"name":"http","status":"mocked"},{"name":"https","status":"mocked"},{"name":"https","status":"mocked"},{"name":"net","status":"mocked"}] {"metadata":{"emulator":{"name":"functions"},"function":{"name":"us-central1-placesNearby"},"message":"[runtime-status] [20918] Outgoing network have been stubbed. [{\"name\":\"http\",\"status\":\"mocked\"},{\"name\":\"http\",\"status\":\"mocked\"},{\"name\":\"https\",\"status\":\"mocked\"},{\"name\":\"https\",\"status\":\"mocked\"},{\"name\":\"net\",\"status\":\"mocked\"}]"}}
[debug] [2021-09-19T23:38:22.545Z] [runtime-status] [20918] Resolved module firebase-functions {"declared":true,"installed":true,"version":"3.15.6","resolution":"/Users/boamatule/Projects/MealsToGo/functions/node_modules/firebase-functions/lib/index.js"} {"metadata":{"emulator":{"name":"functions"},"function":{"name":"us-central1-placesNearby"},"message":"[runtime-status] [20918] Resolved module firebase-functions {\"declared\":true,\"installed\":true,\"version\":\"3.15.6\",\"resolution\":\"/Users/boamatule/Projects/MealsToGo/functions/node_modules/firebase-functions/lib/index.js\"}"}}
[debug] [2021-09-19T23:38:22.615Z] [runtime-status] [20918] Checked functions.config() {"config":{"google":{"key":"AIzaSyC3ffMG5HvNd3MH1rOHv0KeqeqOzAyGnwU"}}} {"metadata":{"emulator":{"name":"functions"},"function":{"name":"us-central1-placesNearby"},"message":"[runtime-status] [20918] Checked functions.config() {\"config\":{\"google\":{\"key\":\"AIzaSyC3ffMG5HvNd3MH1rOHv0KeqeqOzAyGnwU\"}}}"}}
[debug] [2021-09-19T23:38:22.616Z] [runtime-status] [20918] firebase-functions has been stubbed. {"functionsResolution":{"declared":true,"installed":true,"version":"3.15.6","resolution":"/Users/boamatule/Projects/MealsToGo/functions/node_modules/firebase-functions/lib/index.js"}} {"metadata":{"emulator":{"name":"functions"},"function":{"name":"us-central1-placesNearby"},"message":"[runtime-status] [20918] firebase-functions has been stubbed. {\"functionsResolution\":{\"declared\":true,\"installed\":true,\"version\":\"3.15.6\",\"resolution\":\"/Users/boamatule/Projects/MealsToGo/functions/node_modules/firebase-functions/lib/index.js\"}}"}}
[debug] [2021-09-19T23:38:22.617Z] [runtime-status] [20918] Resolved module firebase-functions {"declared":true,"installed":true,"version":"3.15.6","resolution":"/Users/boamatule/Projects/MealsToGo/functions/node_modules/firebase-functions/lib/index.js"} {"metadata":{"emulator":{"name":"functions"},"function":{"name":"us-central1-placesNearby"},"message":"[runtime-status] [20918] Resolved module firebase-functions {\"declared\":true,\"installed\":true,\"version\":\"3.15.6\",\"resolution\":\"/Users/boamatule/Projects/MealsToGo/functions/node_modules/firebase-functions/lib/index.js\"}"}}
[debug] [2021-09-19T23:38:22.619Z] [runtime-status] [20918] Resolved module firebase-admin {"declared":true,"installed":true,"version":"9.11.1","resolution":"/Users/boamatule/Projects/MealsToGo/functions/node_modules/firebase-admin/lib/index.js"} {"metadata":{"emulator":{"name":"functions"},"function":{"name":"us-central1-placesNearby"},"message":"[runtime-status] [20918] Resolved module firebase-admin {\"declared\":true,\"installed\":true,\"version\":\"9.11.1\",\"resolution\":\"/Users/boamatule/Projects/MealsToGo/functions/node_modules/firebase-admin/lib/index.js\"}"}}
[debug] [2021-09-19T23:38:22.621Z] [runtime-status] [20918] Resolved module firebase-functions {"declared":true,"installed":true,"version":"3.15.6","resolution":"/Users/boamatule/Projects/MealsToGo/functions/node_modules/firebase-functions/lib/index.js"} {"metadata":{"emulator":{"name":"functions"},"function":{"name":"us-central1-placesNearby"},"message":"[runtime-status] [20918] Resolved module firebase-functions {\"declared\":true,\"installed\":true,\"version\":\"3.15.6\",\"resolution\":\"/Users/boamatule/Projects/MealsToGo/functions/node_modules/firebase-functions/lib/index.js\"}"}}
[debug] [2021-09-19T23:38:22.621Z] [runtime-status] [20918] firebase-admin has been stubbed. {"adminResolution":{"declared":true,"installed":true,"version":"9.11.1","resolution":"/Users/boamatule/Projects/MealsToGo/functions/node_modules/firebase-admin/lib/index.js"}} {"metadata":{"emulator":{"name":"functions"},"function":{"name":"us-central1-placesNearby"},"message":"[runtime-status] [20918] firebase-admin has been stubbed. {\"adminResolution\":{\"declared\":true,\"installed\":true,\"version\":\"9.11.1\",\"resolution\":\"/Users/boamatule/Projects/MealsToGo/functions/node_modules/firebase-admin/lib/index.js\"}}"}}
[debug] [2021-09-19T23:38:22.631Z] [runtime-status] [20918] Trigger "us-central1-placesNearby" has been found, beginning invocation! {"metadata":{"emulator":{"name":"functions"},"function":{"name":"us-central1-placesNearby"},"message":"[runtime-status] [20918] Trigger \"us-central1-placesNearby\" has been found, beginning invocation!"}}
[info] i  functions: Beginning execution of "us-central1-placesNearby" {"metadata":{"emulator":{"name":"functions"},"function":{"name":"us-central1-placesNearby"},"message":"Beginning execution of \"us-central1-placesNearby\""}}
[debug] [2021-09-19T23:38:22.632Z] [runtime-status] [20918] triggerDefinition {"httpsTrigger":{},"name":"placesNearby","entryPoint":"placesNearby","regions":["us-central1"],"region":"us-central1","id":"us-central1-placesNearby"} {"metadata":{"emulator":{"name":"functions"},"function":{"name":"us-central1-placesNearby"},"message":"[runtime-status] [20918] triggerDefinition {\"httpsTrigger\":{},\"name\":\"placesNearby\",\"entryPoint\":\"placesNearby\",\"regions\":[\"us-central1\"],\"region\":\"us-central1\",\"id\":\"us-central1-placesNearby\"}"}}
[debug] [2021-09-19T23:38:22.632Z] [runtime-status] [20918] Running us-central1-placesNearby in mode HTTPS {"metadata":{"emulator":{"name":"functions"},"function":{"name":"us-central1-placesNearby"},"message":"[runtime-status] [20918] Running us-central1-placesNearby in mode HTTPS"}}
[debug] [2021-09-19T23:38:22.640Z] [runtime-status] [20918] Attempting to listen to socketPath: /var/folders/yk/rb8sfzn95yb8_v708p2rxr5r0000gn/T/fire_emu_20918.sock {"metadata":{"emulator":{"name":"functions"},"function":{"name":"us-central1-placesNearby"},"message":"[runtime-status] [20918] Attempting to listen to socketPath: /var/folders/yk/rb8sfzn95yb8_v708p2rxr5r0000gn/T/fire_emu_20918.sock"}}
[debug] [2021-09-19T23:38:22.644Z] [functions] Runtime ready! Sending request! {"metadata":{"emulator":{"name":"functions"},"message":"[functions] Runtime ready! Sending request!"}}
[debug] [2021-09-19T23:38:22.644Z] [functions] Got req.url=/mealstogo-c6d2e/us-central1/placesNearby?location=37.7749295,-122.4194155, mapping to path=/?location=37.7749295,-122.4194155 {"metadata":{"emulator":{"name":"functions"},"message":"[functions] Got req.url=/mealstogo-c6d2e/us-central1/placesNearby?location=37.7749295,-122.4194155, mapping to path=/?location=37.7749295,-122.4194155"}}
[debug] [2021-09-19T23:38:22.657Z] [runtime-status] [20918] Ephemeral server handling GET request {"metadata":{"emulator":{"name":"functions"},"function":{"name":"us-central1-placesNearby"},"message":"[runtime-status] [20918] Ephemeral server handling GET request"}}
[debug] [2021-09-19T23:38:22.666Z] [runtime-status] [20918] Ephemeral server survived. {"metadata":{"emulator":{"name":"functions"},"function":{"name":"us-central1-placesNearby"},"message":"[runtime-status] [20918] Ephemeral server survived."}}
[info] i  functions: Finished "us-central1-placesNearby" in ~1s {"metadata":{"emulator":{"name":"functions"},"function":{"name":"us-central1-placesNearby"},"message":"Finished \"us-central1-placesNearby\" in ~1s"}}
[debug] [2021-09-19T23:38:22.706Z] [worker-us-central1-placesNearby-335c77ed-a214-408c-ad46-a14cc803d0ed]: IDLE {"metadata":{"emulator":{"name":"functions"},"message":"[worker-us-central1-placesNearby-335c77ed-a214-408c-ad46-a14cc803d0ed]: IDLE"}}
[debug] [2021-09-19T23:38:22.707Z] [work-queue] {"queueLength":0,"workRunningCount":0}
[debug] [2021-09-19T23:40:00.540Z] [work-queue] {"queueLength":1,"workRunningCount":0}
[debug] [2021-09-19T23:40:00.541Z] [work-queue] {"queueLength":0,"workRunningCount":1}
[debug] [2021-09-19T23:40:00.541Z] Accepted request GET /mealstogo-c6d2e/us-central1/geocode?city=san%20francisco --> us-central1-geocode
[debug] [2021-09-19T23:40:00.541Z] [worker-pool] submitWork(triggerId=us-central1-geocode) {"metadata":{"emulator":{"name":"functions"},"message":"[worker-pool] submitWork(triggerId=us-central1-geocode)"}}
[debug] [2021-09-19T23:40:00.541Z] [worker-us-central1-geocode-7c06eaeb-462b-4321-ae90-794428786453]: Assigning socketPath: /var/folders/yk/rb8sfzn95yb8_v708p2rxr5r0000gn/T/fire_emu_20916.sock {"metadata":{"emulator":{"name":"functions"},"message":"[worker-us-central1-geocode-7c06eaeb-462b-4321-ae90-794428786453]: Assigning socketPath: /var/folders/yk/rb8sfzn95yb8_v708p2rxr5r0000gn/T/fire_emu_20916.sock"}}
[debug] [2021-09-19T23:40:00.541Z] [worker-us-central1-geocode-7c06eaeb-462b-4321-ae90-794428786453]: BUSY {"metadata":{"emulator":{"name":"functions"},"message":"[worker-us-central1-geocode-7c06eaeb-462b-4321-ae90-794428786453]: BUSY"}}
[debug] [2021-09-19T23:40:00.542Z] [runtime-status] [20916] Trigger "us-central1-geocode" has been found, beginning invocation! {"metadata":{"emulator":{"name":"functions"},"function":{"name":"us-central1-geocode"},"message":"[runtime-status] [20916] Trigger \"us-central1-geocode\" has been found, beginning invocation!"}}
[info] i  functions: Beginning execution of "us-central1-geocode" {"metadata":{"emulator":{"name":"functions"},"function":{"name":"us-central1-geocode"},"message":"Beginning execution of \"us-central1-geocode\""}}
[debug] [2021-09-19T23:40:00.543Z] [runtime-status] [20916] triggerDefinition {"httpsTrigger":{},"name":"geocode","entryPoint":"geocode","regions":["us-central1"],"region":"us-central1","id":"us-central1-geocode"} {"metadata":{"emulator":{"name":"functions"},"function":{"name":"us-central1-geocode"},"message":"[runtime-status] [20916] triggerDefinition {\"httpsTrigger\":{},\"name\":\"geocode\",\"entryPoint\":\"geocode\",\"regions\":[\"us-central1\"],\"region\":\"us-central1\",\"id\":\"us-central1-geocode\"}"}}
[debug] [2021-09-19T23:40:00.543Z] [runtime-status] [20916] Running us-central1-geocode in mode HTTPS {"metadata":{"emulator":{"name":"functions"},"function":{"name":"us-central1-geocode"},"message":"[runtime-status] [20916] Running us-central1-geocode in mode HTTPS"}}
[debug] [2021-09-19T23:40:00.544Z] [runtime-status] [20916] Attempting to listen to socketPath: /var/folders/yk/rb8sfzn95yb8_v708p2rxr5r0000gn/T/fire_emu_20916.sock {"metadata":{"emulator":{"name":"functions"},"function":{"name":"us-central1-geocode"},"message":"[runtime-status] [20916] Attempting to listen to socketPath: /var/folders/yk/rb8sfzn95yb8_v708p2rxr5r0000gn/T/fire_emu_20916.sock"}}
[debug] [2021-09-19T23:40:00.544Z] [functions] Runtime ready! Sending request! {"metadata":{"emulator":{"name":"functions"},"message":"[functions] Runtime ready! Sending request!"}}
[debug] [2021-09-19T23:40:00.545Z] [functions] Got req.url=/mealstogo-c6d2e/us-central1/geocode?city=san%20francisco, mapping to path=/?city=san%20francisco {"metadata":{"emulator":{"name":"functions"},"message":"[functions] Got req.url=/mealstogo-c6d2e/us-central1/geocode?city=san%20francisco, mapping to path=/?city=san%20francisco"}}
[debug] [2021-09-19T23:40:00.549Z] [runtime-status] [20916] Ephemeral server handling GET request {"metadata":{"emulator":{"name":"functions"},"function":{"name":"us-central1-geocode"},"message":"[runtime-status] [20916] Ephemeral server handling GET request"}}
[debug] [2021-09-19T23:40:00.552Z] [runtime-status] [20916] Ephemeral server survived. {"metadata":{"emulator":{"name":"functions"},"function":{"name":"us-central1-geocode"},"message":"[runtime-status] [20916] Ephemeral server survived."}}
[info] i  functions: Finished "us-central1-geocode" in ~1s {"metadata":{"emulator":{"name":"functions"},"function":{"name":"us-central1-geocode"},"message":"Finished \"us-central1-geocode\" in ~1s"}}
[debug] [2021-09-19T23:40:00.553Z] [worker-us-central1-geocode-7c06eaeb-462b-4321-ae90-794428786453]: IDLE {"metadata":{"emulator":{"name":"functions"},"message":"[worker-us-central1-geocode-7c06eaeb-462b-4321-ae90-794428786453]: IDLE"}}
[debug] [2021-09-19T23:40:00.553Z] [work-queue] {"queueLength":0,"workRunningCount":0}
[debug] [2021-09-19T23:40:00.887Z] [work-queue] {"queueLength":1,"workRunningCount":0}
[debug] [2021-09-19T23:40:00.888Z] [work-queue] {"queueLength":0,"workRunningCount":1}
[debug] [2021-09-19T23:40:00.888Z] Accepted request GET /mealstogo-c6d2e/us-central1/placesNearby?location=37.7749295,-122.4194155 --> us-central1-placesNearby
[debug] [2021-09-19T23:40:00.888Z] [worker-pool] submitWork(triggerId=us-central1-placesNearby) {"metadata":{"emulator":{"name":"functions"},"message":"[worker-pool] submitWork(triggerId=us-central1-placesNearby)"}}
[debug] [2021-09-19T23:40:00.888Z] [worker-us-central1-placesNearby-335c77ed-a214-408c-ad46-a14cc803d0ed]: Assigning socketPath: /var/folders/yk/rb8sfzn95yb8_v708p2rxr5r0000gn/T/fire_emu_20918.sock {"metadata":{"emulator":{"name":"functions"},"message":"[worker-us-central1-placesNearby-335c77ed-a214-408c-ad46-a14cc803d0ed]: Assigning socketPath: /var/folders/yk/rb8sfzn95yb8_v708p2rxr5r0000gn/T/fire_emu_20918.sock"}}
[debug] [2021-09-19T23:40:00.888Z] [worker-us-central1-placesNearby-335c77ed-a214-408c-ad46-a14cc803d0ed]: BUSY {"metadata":{"emulator":{"name":"functions"},"message":"[worker-us-central1-placesNearby-335c77ed-a214-408c-ad46-a14cc803d0ed]: BUSY"}}
[debug] [2021-09-19T23:40:00.892Z] [runtime-status] [20918] Trigger "us-central1-placesNearby" has been found, beginning invocation! {"metadata":{"emulator":{"name":"functions"},"function":{"name":"us-central1-placesNearby"},"message":"[runtime-status] [20918] Trigger \"us-central1-placesNearby\" has been found, beginning invocation!"}}
[info] i  functions: Beginning execution of "us-central1-placesNearby" {"metadata":{"emulator":{"name":"functions"},"function":{"name":"us-central1-placesNearby"},"message":"Beginning execution of \"us-central1-placesNearby\""}}
[debug] [2021-09-19T23:40:00.893Z] [runtime-status] [20918] triggerDefinition {"httpsTrigger":{},"name":"placesNearby","entryPoint":"placesNearby","regions":["us-central1"],"region":"us-central1","id":"us-central1-placesNearby"} {"metadata":{"emulator":{"name":"functions"},"function":{"name":"us-central1-placesNearby"},"message":"[runtime-status] [20918] triggerDefinition {\"httpsTrigger\":{},\"name\":\"placesNearby\",\"entryPoint\":\"placesNearby\",\"regions\":[\"us-central1\"],\"region\":\"us-central1\",\"id\":\"us-central1-placesNearby\"}"}}
[debug] [2021-09-19T23:40:00.893Z] [runtime-status] [20918] Running us-central1-placesNearby in mode HTTPS {"metadata":{"emulator":{"name":"functions"},"function":{"name":"us-central1-placesNearby"},"message":"[runtime-status] [20918] Running us-central1-placesNearby in mode HTTPS"}}
[debug] [2021-09-19T23:40:00.893Z] [runtime-status] [20918] Attempting to listen to socketPath: /var/folders/yk/rb8sfzn95yb8_v708p2rxr5r0000gn/T/fire_emu_20918.sock {"metadata":{"emulator":{"name":"functions"},"function":{"name":"us-central1-placesNearby"},"message":"[runtime-status] [20918] Attempting to listen to socketPath: /var/folders/yk/rb8sfzn95yb8_v708p2rxr5r0000gn/T/fire_emu_20918.sock"}}
[debug] [2021-09-19T23:40:00.894Z] [functions] Runtime ready! Sending request! {"metadata":{"emulator":{"name":"functions"},"message":"[functions] Runtime ready! Sending request!"}}
[debug] [2021-09-19T23:40:00.896Z] [functions] Got req.url=/mealstogo-c6d2e/us-central1/placesNearby?location=37.7749295,-122.4194155, mapping to path=/?location=37.7749295,-122.4194155 {"metadata":{"emulator":{"name":"functions"},"message":"[functions] Got req.url=/mealstogo-c6d2e/us-central1/placesNearby?location=37.7749295,-122.4194155, mapping to path=/?location=37.7749295,-122.4194155"}}
[debug] [2021-09-19T23:40:00.903Z] [runtime-status] [20918] Ephemeral server handling GET request {"metadata":{"emulator":{"name":"functions"},"function":{"name":"us-central1-placesNearby"},"message":"[runtime-status] [20918] Ephemeral server handling GET request"}}
[debug] [2021-09-19T23:40:00.904Z] [runtime-status] [20918] Ephemeral server survived. {"metadata":{"emulator":{"name":"functions"},"function":{"name":"us-central1-placesNearby"},"message":"[runtime-status] [20918] Ephemeral server survived."}}
[info] i  functions: Finished "us-central1-placesNearby" in ~1s {"metadata":{"emulator":{"name":"functions"},"function":{"name":"us-central1-placesNearby"},"message":"Finished \"us-central1-placesNearby\" in ~1s"}}
[debug] [2021-09-19T23:40:00.919Z] [worker-us-central1-placesNearby-335c77ed-a214-408c-ad46-a14cc803d0ed]: IDLE {"metadata":{"emulator":{"name":"functions"},"message":"[worker-us-central1-placesNearby-335c77ed-a214-408c-ad46-a14cc803d0ed]: IDLE"}}
[debug] [2021-09-19T23:40:00.919Z] [work-queue] {"queueLength":0,"workRunningCount":0}
[debug] [2021-09-19T23:41:10.349Z] [work-queue] {"queueLength":1,"workRunningCount":0}
[debug] [2021-09-19T23:41:10.350Z] [work-queue] {"queueLength":0,"workRunningCount":1}
[debug] [2021-09-19T23:41:10.367Z] Accepted request GET /mealstogo-c6d2e/us-central1/geocode?city=san%20francisco --> us-central1-geocode
[debug] [2021-09-19T23:41:10.367Z] [worker-pool] submitWork(triggerId=us-central1-geocode) {"metadata":{"emulator":{"name":"functions"},"message":"[worker-pool] submitWork(triggerId=us-central1-geocode)"}}
[debug] [2021-09-19T23:41:10.368Z] [worker-us-central1-geocode-7c06eaeb-462b-4321-ae90-794428786453]: Assigning socketPath: /var/folders/yk/rb8sfzn95yb8_v708p2rxr5r0000gn/T/fire_emu_20916.sock {"metadata":{"emulator":{"name":"functions"},"message":"[worker-us-central1-geocode-7c06eaeb-462b-4321-ae90-794428786453]: Assigning socketPath: /var/folders/yk/rb8sfzn95yb8_v708p2rxr5r0000gn/T/fire_emu_20916.sock"}}
[debug] [2021-09-19T23:41:10.368Z] [worker-us-central1-geocode-7c06eaeb-462b-4321-ae90-794428786453]: BUSY {"metadata":{"emulator":{"name":"functions"},"message":"[worker-us-central1-geocode-7c06eaeb-462b-4321-ae90-794428786453]: BUSY"}}
[debug] [2021-09-19T23:41:10.375Z] [runtime-status] [20916] Trigger "us-central1-geocode" has been found, beginning invocation! {"metadata":{"emulator":{"name":"functions"},"function":{"name":"us-central1-geocode"},"message":"[runtime-status] [20916] Trigger \"us-central1-geocode\" has been found, beginning invocation!"}}
[info] i  functions: Beginning execution of "us-central1-geocode" {"metadata":{"emulator":{"name":"functions"},"function":{"name":"us-central1-geocode"},"message":"Beginning execution of \"us-central1-geocode\""}}
[debug] [2021-09-19T23:41:10.376Z] [runtime-status] [20916] triggerDefinition {"httpsTrigger":{},"name":"geocode","entryPoint":"geocode","regions":["us-central1"],"region":"us-central1","id":"us-central1-geocode"} {"metadata":{"emulator":{"name":"functions"},"function":{"name":"us-central1-geocode"},"message":"[runtime-status] [20916] triggerDefinition {\"httpsTrigger\":{},\"name\":\"geocode\",\"entryPoint\":\"geocode\",\"regions\":[\"us-central1\"],\"region\":\"us-central1\",\"id\":\"us-central1-geocode\"}"}}
[debug] [2021-09-19T23:41:10.376Z] [runtime-status] [20916] Running us-central1-geocode in mode HTTPS {"metadata":{"emulator":{"name":"functions"},"function":{"name":"us-central1-geocode"},"message":"[runtime-status] [20916] Running us-central1-geocode in mode HTTPS"}}
[debug] [2021-09-19T23:41:10.376Z] [runtime-status] [20916] Attempting to listen to socketPath: /var/folders/yk/rb8sfzn95yb8_v708p2rxr5r0000gn/T/fire_emu_20916.sock {"metadata":{"emulator":{"name":"functions"},"function":{"name":"us-central1-geocode"},"message":"[runtime-status] [20916] Attempting to listen to socketPath: /var/folders/yk/rb8sfzn95yb8_v708p2rxr5r0000gn/T/fire_emu_20916.sock"}}
[debug] [2021-09-19T23:41:10.377Z] [functions] Runtime ready! Sending request! {"metadata":{"emulator":{"name":"functions"},"message":"[functions] Runtime ready! Sending request!"}}
[debug] [2021-09-19T23:41:10.378Z] [functions] Got req.url=/mealstogo-c6d2e/us-central1/geocode?city=san%20francisco, mapping to path=/?city=san%20francisco {"metadata":{"emulator":{"name":"functions"},"message":"[functions] Got req.url=/mealstogo-c6d2e/us-central1/geocode?city=san%20francisco, mapping to path=/?city=san%20francisco"}}
[debug] [2021-09-19T23:41:10.386Z] [runtime-status] [20916] Ephemeral server handling GET request {"metadata":{"emulator":{"name":"functions"},"function":{"name":"us-central1-geocode"},"message":"[runtime-status] [20916] Ephemeral server handling GET request"}}
[debug] [2021-09-19T23:41:10.386Z] [runtime-status] [20916] Ephemeral server survived. {"metadata":{"emulator":{"name":"functions"},"function":{"name":"us-central1-geocode"},"message":"[runtime-status] [20916] Ephemeral server survived."}}
[info] i  functions: Finished "us-central1-geocode" in ~1s {"metadata":{"emulator":{"name":"functions"},"function":{"name":"us-central1-geocode"},"message":"Finished \"us-central1-geocode\" in ~1s"}}
[debug] [2021-09-19T23:41:10.390Z] [worker-us-central1-geocode-7c06eaeb-462b-4321-ae90-794428786453]: IDLE {"metadata":{"emulator":{"name":"functions"},"message":"[worker-us-central1-geocode-7c06eaeb-462b-4321-ae90-794428786453]: IDLE"}}
[debug] [2021-09-19T23:41:10.390Z] [work-queue] {"queueLength":0,"workRunningCount":0}
[debug] [2021-09-19T23:41:10.520Z] [work-queue] {"queueLength":1,"workRunningCount":0}
[debug] [2021-09-19T23:41:10.521Z] [work-queue] {"queueLength":0,"workRunningCount":1}
[debug] [2021-09-19T23:41:10.521Z] Accepted request GET /mealstogo-c6d2e/us-central1/placesNearby?location=37.7749295,-122.4194155 --> us-central1-placesNearby
[debug] [2021-09-19T23:41:10.521Z] [worker-pool] submitWork(triggerId=us-central1-placesNearby) {"metadata":{"emulator":{"name":"functions"},"message":"[worker-pool] submitWork(triggerId=us-central1-placesNearby)"}}
[debug] [2021-09-19T23:41:10.521Z] [worker-us-central1-placesNearby-335c77ed-a214-408c-ad46-a14cc803d0ed]: Assigning socketPath: /var/folders/yk/rb8sfzn95yb8_v708p2rxr5r0000gn/T/fire_emu_20918.sock {"metadata":{"emulator":{"name":"functions"},"message":"[worker-us-central1-placesNearby-335c77ed-a214-408c-ad46-a14cc803d0ed]: Assigning socketPath: /var/folders/yk/rb8sfzn95yb8_v708p2rxr5r0000gn/T/fire_emu_20918.sock"}}
[debug] [2021-09-19T23:41:10.521Z] [worker-us-central1-placesNearby-335c77ed-a214-408c-ad46-a14cc803d0ed]: BUSY {"metadata":{"emulator":{"name":"functions"},"message":"[worker-us-central1-placesNearby-335c77ed-a214-408c-ad46-a14cc803d0ed]: BUSY"}}
[debug] [2021-09-19T23:41:10.525Z] [runtime-status] [20918] Trigger "us-central1-placesNearby" has been found, beginning invocation! {"metadata":{"emulator":{"name":"functions"},"function":{"name":"us-central1-placesNearby"},"message":"[runtime-status] [20918] Trigger \"us-central1-placesNearby\" has been found, beginning invocation!"}}
[info] i  functions: Beginning execution of "us-central1-placesNearby" {"metadata":{"emulator":{"name":"functions"},"function":{"name":"us-central1-placesNearby"},"message":"Beginning execution of \"us-central1-placesNearby\""}}
[debug] [2021-09-19T23:41:10.526Z] [runtime-status] [20918] triggerDefinition {"httpsTrigger":{},"name":"placesNearby","entryPoint":"placesNearby","regions":["us-central1"],"region":"us-central1","id":"us-central1-placesNearby"} {"metadata":{"emulator":{"name":"functions"},"function":{"name":"us-central1-placesNearby"},"message":"[runtime-status] [20918] triggerDefinition {\"httpsTrigger\":{},\"name\":\"placesNearby\",\"entryPoint\":\"placesNearby\",\"regions\":[\"us-central1\"],\"region\":\"us-central1\",\"id\":\"us-central1-placesNearby\"}"}}
[debug] [2021-09-19T23:41:10.526Z] [runtime-status] [20918] Running us-central1-placesNearby in mode HTTPS {"metadata":{"emulator":{"name":"functions"},"function":{"name":"us-central1-placesNearby"},"message":"[runtime-status] [20918] Running us-central1-placesNearby in mode HTTPS"}}
[debug] [2021-09-19T23:41:10.526Z] [runtime-status] [20918] Attempting to listen to socketPath: /var/folders/yk/rb8sfzn95yb8_v708p2rxr5r0000gn/T/fire_emu_20918.sock {"metadata":{"emulator":{"name":"functions"},"function":{"name":"us-central1-placesNearby"},"message":"[runtime-status] [20918] Attempting to listen to socketPath: /var/folders/yk/rb8sfzn95yb8_v708p2rxr5r0000gn/T/fire_emu_20918.sock"}}
[debug] [2021-09-19T23:41:10.527Z] [functions] Runtime ready! Sending request! {"metadata":{"emulator":{"name":"functions"},"message":"[functions] Runtime ready! Sending request!"}}
[debug] [2021-09-19T23:41:10.528Z] [functions] Got req.url=/mealstogo-c6d2e/us-central1/placesNearby?location=37.7749295,-122.4194155, mapping to path=/?location=37.7749295,-122.4194155 {"metadata":{"emulator":{"name":"functions"},"message":"[functions] Got req.url=/mealstogo-c6d2e/us-central1/placesNearby?location=37.7749295,-122.4194155, mapping to path=/?location=37.7749295,-122.4194155"}}
[debug] [2021-09-19T23:41:10.531Z] [runtime-status] [20918] Ephemeral server handling GET request {"metadata":{"emulator":{"name":"functions"},"function":{"name":"us-central1-placesNearby"},"message":"[runtime-status] [20918] Ephemeral server handling GET request"}}
[debug] [2021-09-19T23:41:10.533Z] [runtime-status] [20918] Ephemeral server survived. {"metadata":{"emulator":{"name":"functions"},"function":{"name":"us-central1-placesNearby"},"message":"[runtime-status] [20918] Ephemeral server survived."}}
[info] i  functions: Finished "us-central1-placesNearby" in ~1s {"metadata":{"emulator":{"name":"functions"},"function":{"name":"us-central1-placesNearby"},"message":"Finished \"us-central1-placesNearby\" in ~1s"}}
[debug] [2021-09-19T23:41:10.536Z] [worker-us-central1-placesNearby-335c77ed-a214-408c-ad46-a14cc803d0ed]: IDLE {"metadata":{"emulator":{"name":"functions"},"message":"[worker-us-central1-placesNearby-335c77ed-a214-408c-ad46-a14cc803d0ed]: IDLE"}}
[debug] [2021-09-19T23:41:10.537Z] [work-queue] {"queueLength":0,"workRunningCount":0}
[debug] [2021-09-19T23:48:12.830Z] [work-queue] {"queueLength":1,"workRunningCount":0}
[debug] [2021-09-19T23:48:12.830Z] [work-queue] {"queueLength":0,"workRunningCount":1}
[debug] [2021-09-19T23:48:12.830Z] Accepted request GET /mealstogo-c6d2e/us-central1/geocode?city=san%20francisco --> us-central1-geocode
[debug] [2021-09-19T23:48:12.830Z] [worker-pool] submitWork(triggerId=us-central1-geocode) {"metadata":{"emulator":{"name":"functions"},"message":"[worker-pool] submitWork(triggerId=us-central1-geocode)"}}
[debug] [2021-09-19T23:48:12.830Z] [worker-us-central1-geocode-7c06eaeb-462b-4321-ae90-794428786453]: Assigning socketPath: /var/folders/yk/rb8sfzn95yb8_v708p2rxr5r0000gn/T/fire_emu_20916.sock {"metadata":{"emulator":{"name":"functions"},"message":"[worker-us-central1-geocode-7c06eaeb-462b-4321-ae90-794428786453]: Assigning socketPath: /var/folders/yk/rb8sfzn95yb8_v708p2rxr5r0000gn/T/fire_emu_20916.sock"}}
[debug] [2021-09-19T23:48:12.830Z] [worker-us-central1-geocode-7c06eaeb-462b-4321-ae90-794428786453]: BUSY {"metadata":{"emulator":{"name":"functions"},"message":"[worker-us-central1-geocode-7c06eaeb-462b-4321-ae90-794428786453]: BUSY"}}
[debug] [2021-09-19T23:48:12.831Z] [runtime-status] [20916] Trigger "us-central1-geocode" has been found, beginning invocation! {"metadata":{"emulator":{"name":"functions"},"function":{"name":"us-central1-geocode"},"message":"[runtime-status] [20916] Trigger \"us-central1-geocode\" has been found, beginning invocation!"}}
[info] i  functions: Beginning execution of "us-central1-geocode" {"metadata":{"emulator":{"name":"functions"},"function":{"name":"us-central1-geocode"},"message":"Beginning execution of \"us-central1-geocode\""}}
[debug] [2021-09-19T23:48:12.832Z] [runtime-status] [20916] triggerDefinition {"httpsTrigger":{},"name":"geocode","entryPoint":"geocode","regions":["us-central1"],"region":"us-central1","id":"us-central1-geocode"} {"metadata":{"emulator":{"name":"functions"},"function":{"name":"us-central1-geocode"},"message":"[runtime-status] [20916] triggerDefinition {\"httpsTrigger\":{},\"name\":\"geocode\",\"entryPoint\":\"geocode\",\"regions\":[\"us-central1\"],\"region\":\"us-central1\",\"id\":\"us-central1-geocode\"}"}}
[debug] [2021-09-19T23:48:12.832Z] [runtime-status] [20916] Running us-central1-geocode in mode HTTPS {"metadata":{"emulator":{"name":"functions"},"function":{"name":"us-central1-geocode"},"message":"[runtime-status] [20916] Running us-central1-geocode in mode HTTPS"}}
[debug] [2021-09-19T23:48:12.832Z] [runtime-status] [20916] Attempting to listen to socketPath: /var/folders/yk/rb8sfzn95yb8_v708p2rxr5r0000gn/T/fire_emu_20916.sock {"metadata":{"emulator":{"name":"functions"},"function":{"name":"us-central1-geocode"},"message":"[runtime-status] [20916] Attempting to listen to socketPath: /var/folders/yk/rb8sfzn95yb8_v708p2rxr5r0000gn/T/fire_emu_20916.sock"}}
[debug] [2021-09-19T23:48:12.833Z] [functions] Runtime ready! Sending request! {"metadata":{"emulator":{"name":"functions"},"message":"[functions] Runtime ready! Sending request!"}}
[debug] [2021-09-19T23:48:12.833Z] [functions] Got req.url=/mealstogo-c6d2e/us-central1/geocode?city=san%20francisco, mapping to path=/?city=san%20francisco {"metadata":{"emulator":{"name":"functions"},"message":"[functions] Got req.url=/mealstogo-c6d2e/us-central1/geocode?city=san%20francisco, mapping to path=/?city=san%20francisco"}}
[debug] [2021-09-19T23:48:12.837Z] [runtime-status] [20916] Ephemeral server handling GET request {"metadata":{"emulator":{"name":"functions"},"function":{"name":"us-central1-geocode"},"message":"[runtime-status] [20916] Ephemeral server handling GET request"}}
[debug] [2021-09-19T23:48:12.838Z] [runtime-status] [20916] Ephemeral server survived. {"metadata":{"emulator":{"name":"functions"},"function":{"name":"us-central1-geocode"},"message":"[runtime-status] [20916] Ephemeral server survived."}}
[info] i  functions: Finished "us-central1-geocode" in ~1s {"metadata":{"emulator":{"name":"functions"},"function":{"name":"us-central1-geocode"},"message":"Finished \"us-central1-geocode\" in ~1s"}}
[debug] [2021-09-19T23:48:12.839Z] [worker-us-central1-geocode-7c06eaeb-462b-4321-ae90-794428786453]: IDLE {"metadata":{"emulator":{"name":"functions"},"message":"[worker-us-central1-geocode-7c06eaeb-462b-4321-ae90-794428786453]: IDLE"}}
[debug] [2021-09-19T23:48:12.840Z] [work-queue] {"queueLength":0,"workRunningCount":0}
[debug] [2021-09-19T23:48:13.025Z] [work-queue] {"queueLength":1,"workRunningCount":0}
[debug] [2021-09-19T23:48:13.027Z] [work-queue] {"queueLength":0,"workRunningCount":1}
[debug] [2021-09-19T23:48:13.027Z] Accepted request GET /mealstogo-c6d2e/us-central1/placesNearby?location=37.7749295,-122.4194155 --> us-central1-placesNearby
[debug] [2021-09-19T23:48:13.027Z] [worker-pool] submitWork(triggerId=us-central1-placesNearby) {"metadata":{"emulator":{"name":"functions"},"message":"[worker-pool] submitWork(triggerId=us-central1-placesNearby)"}}
[debug] [2021-09-19T23:48:13.030Z] [worker-us-central1-placesNearby-335c77ed-a214-408c-ad46-a14cc803d0ed]: Assigning socketPath: /var/folders/yk/rb8sfzn95yb8_v708p2rxr5r0000gn/T/fire_emu_20918.sock {"metadata":{"emulator":{"name":"functions"},"message":"[worker-us-central1-placesNearby-335c77ed-a214-408c-ad46-a14cc803d0ed]: Assigning socketPath: /var/folders/yk/rb8sfzn95yb8_v708p2rxr5r0000gn/T/fire_emu_20918.sock"}}
[debug] [2021-09-19T23:48:13.030Z] [worker-us-central1-placesNearby-335c77ed-a214-408c-ad46-a14cc803d0ed]: BUSY {"metadata":{"emulator":{"name":"functions"},"message":"[worker-us-central1-placesNearby-335c77ed-a214-408c-ad46-a14cc803d0ed]: BUSY"}}
[debug] [2021-09-19T23:48:13.039Z] [runtime-status] [20918] Trigger "us-central1-placesNearby" has been found, beginning invocation! {"metadata":{"emulator":{"name":"functions"},"function":{"name":"us-central1-placesNearby"},"message":"[runtime-status] [20918] Trigger \"us-central1-placesNearby\" has been found, beginning invocation!"}}
[info] i  functions: Beginning execution of "us-central1-placesNearby" {"metadata":{"emulator":{"name":"functions"},"function":{"name":"us-central1-placesNearby"},"message":"Beginning execution of \"us-central1-placesNearby\""}}
[debug] [2021-09-19T23:48:13.039Z] [runtime-status] [20918] triggerDefinition {"httpsTrigger":{},"name":"placesNearby","entryPoint":"placesNearby","regions":["us-central1"],"region":"us-central1","id":"us-central1-placesNearby"} {"metadata":{"emulator":{"name":"functions"},"function":{"name":"us-central1-placesNearby"},"message":"[runtime-status] [20918] triggerDefinition {\"httpsTrigger\":{},\"name\":\"placesNearby\",\"entryPoint\":\"placesNearby\",\"regions\":[\"us-central1\"],\"region\":\"us-central1\",\"id\":\"us-central1-placesNearby\"}"}}
[debug] [2021-09-19T23:48:13.040Z] [runtime-status] [20918] Running us-central1-placesNearby in mode HTTPS {"metadata":{"emulator":{"name":"functions"},"function":{"name":"us-central1-placesNearby"},"message":"[runtime-status] [20918] Running us-central1-placesNearby in mode HTTPS"}}
[debug] [2021-09-19T23:48:13.040Z] [runtime-status] [20918] Attempting to listen to socketPath: /var/folders/yk/rb8sfzn95yb8_v708p2rxr5r0000gn/T/fire_emu_20918.sock {"metadata":{"emulator":{"name":"functions"},"function":{"name":"us-central1-placesNearby"},"message":"[runtime-status] [20918] Attempting to listen to socketPath: /var/folders/yk/rb8sfzn95yb8_v708p2rxr5r0000gn/T/fire_emu_20918.sock"}}
[debug] [2021-09-19T23:48:13.042Z] [functions] Runtime ready! Sending request! {"metadata":{"emulator":{"name":"functions"},"message":"[functions] Runtime ready! Sending request!"}}
[debug] [2021-09-19T23:48:13.042Z] [functions] Got req.url=/mealstogo-c6d2e/us-central1/placesNearby?location=37.7749295,-122.4194155, mapping to path=/?location=37.7749295,-122.4194155 {"metadata":{"emulator":{"name":"functions"},"message":"[functions] Got req.url=/mealstogo-c6d2e/us-central1/placesNearby?location=37.7749295,-122.4194155, mapping to path=/?location=37.7749295,-122.4194155"}}
[debug] [2021-09-19T23:48:13.050Z] [runtime-status] [20918] Ephemeral server handling GET request {"metadata":{"emulator":{"name":"functions"},"function":{"name":"us-central1-placesNearby"},"message":"[runtime-status] [20918] Ephemeral server handling GET request"}}
[debug] [2021-09-19T23:48:13.052Z] [runtime-status] [20918] Ephemeral server survived. {"metadata":{"emulator":{"name":"functions"},"function":{"name":"us-central1-placesNearby"},"message":"[runtime-status] [20918] Ephemeral server survived."}}
[info] i  functions: Finished "us-central1-placesNearby" in ~1s {"metadata":{"emulator":{"name":"functions"},"function":{"name":"us-central1-placesNearby"},"message":"Finished \"us-central1-placesNearby\" in ~1s"}}
[debug] [2021-09-19T23:48:13.057Z] [worker-us-central1-placesNearby-335c77ed-a214-408c-ad46-a14cc803d0ed]: IDLE {"metadata":{"emulator":{"name":"functions"},"message":"[worker-us-central1-placesNearby-335c77ed-a214-408c-ad46-a14cc803d0ed]: IDLE"}}
[debug] [2021-09-19T23:48:13.057Z] [work-queue] {"queueLength":0,"workRunningCount":0}
