[debug] [2021-09-18T20:42:50.389Z] ----------------------------------------------------------------------
[debug] [2021-09-18T20:42:50.393Z] Command:       /Users/boamatule/.nvm/versions/node/v14.15.1/bin/node /Users/boamatule/.nvm/versions/node/v14.15.1/bin/firebase deploy
[debug] [2021-09-18T20:42:50.394Z] CLI Version:   9.18.0
[debug] [2021-09-18T20:42:50.394Z] Platform:      darwin
[debug] [2021-09-18T20:42:50.394Z] Node Version:  v14.15.1
[debug] [2021-09-18T20:42:50.395Z] Time:          Sat Sep 18 2021 22:42:50 GMT+0200 (Central European Summer Time)
[debug] [2021-09-18T20:42:50.396Z] ----------------------------------------------------------------------
[debug] 
[debug] [2021-09-18T20:42:50.478Z] > command requires scopes: ["email","openid","https://www.googleapis.com/auth/cloudplatformprojects.readonly","https://www.googleapis.com/auth/firebase","https://www.googleapis.com/auth/cloud-platform"]
[debug] [2021-09-18T20:42:50.478Z] > authorizing via signed-in user (boa.matule@gmail.com)
[debug] [2021-09-18T20:42:50.479Z] [iam] checking project mealstogo-c6d2e for permissions ["cloudfunctions.functions.create","cloudfunctions.functions.delete","cloudfunctions.functions.get","cloudfunctions.functions.list","cloudfunctions.functions.update","cloudfunctions.operations.get","firebase.projects.get"]
[debug] [2021-09-18T20:42:50.482Z] > refreshing access token with scopes: ["email","https://www.googleapis.com/auth/cloud-platform","https://www.googleapis.com/auth/cloudplatformprojects.readonly","https://www.googleapis.com/auth/firebase","openid"]
[debug] [2021-09-18T20:42:50.483Z] >>> HTTP REQUEST POST https://www.googleapis.com/oauth2/v3/token  
 <request body omitted>
[debug] [2021-09-18T20:42:50.634Z] <<< HTTP RESPONSE 200 {"cache-control":"no-cache, no-store, max-age=0, must-revalidate","date":"Sat, 18 Sep 2021 20:42:50 GMT","expires":"Mon, 01 Jan 1990 00:00:00 GMT","pragma":"no-cache","content-type":"application/json; charset=utf-8","vary":"X-Origin, Referer, Origin,Accept-Encoding","server":"scaffolding on HTTPServer2","x-xss-protection":"0","x-frame-options":"SAMEORIGIN","x-content-type-options":"nosniff","alt-svc":"h3=\":443\"; ma=2592000,h3-29=\":443\"; ma=2592000,h3-T051=\":443\"; ma=2592000,h3-Q050=\":443\"; ma=2592000,h3-Q046=\":443\"; ma=2592000,h3-Q043=\":443\"; ma=2592000,quic=\":443\"; ma=2592000; v=\"46,43\"","accept-ranges":"none","transfer-encoding":"chunked"}
[debug] [2021-09-18T20:42:50.649Z] >>> HTTP REQUEST POST https://cloudresourcemanager.googleapis.com/v1/projects/mealstogo-c6d2e:testIamPermissions  
 {"permissions":["cloudfunctions.functions.create","cloudfunctions.functions.delete","cloudfunctions.functions.get","cloudfunctions.functions.list","cloudfunctions.functions.update","cloudfunctions.operations.get","firebase.projects.get"]}
[debug] [2021-09-18T20:42:51.648Z] <<< HTTP RESPONSE 200 {"content-type":"application/json; charset=UTF-8","vary":"X-Origin, Referer, Origin,Accept-Encoding","date":"Sat, 18 Sep 2021 20:42:51 GMT","server":"ESF","cache-control":"private","x-xss-protection":"0","x-frame-options":"SAMEORIGIN","x-content-type-options":"nosniff","server-timing":"gfet4t7; dur=674","alt-svc":"h3=\":443\"; ma=2592000,h3-29=\":443\"; ma=2592000,h3-T051=\":443\"; ma=2592000,h3-Q050=\":443\"; ma=2592000,h3-Q046=\":443\"; ma=2592000,h3-Q043=\":443\"; ma=2592000,quic=\":443\"; ma=2592000; v=\"46,43\"","accept-ranges":"none","transfer-encoding":"chunked"}
[debug] [2021-09-18T20:42:51.650Z] >>> HTTP REQUEST POST https://iam.googleapis.com/v1/projects/mealstogo-c6d2e/serviceAccounts/mealstogo-c6d2e@appspot.gserviceaccount.com:testIamPermissions  
 {"permissions":["iam.serviceAccounts.actAs"]}
